Running "ts-internal:build" (ts-internal) task
Compiling...
"tasks/ts.ts" --sourcemap --target ES5 --module commonjs --out tasks/ts.js
D:/_Editing/github/grunt/grunt-ts/tasks/ts.ts(789,9): error TS2082: Supplied parameters do not match any signature of call target:
	Call signatures of types '(target: ITargetOptions) => Promise<boolean>' and '(item: ITargetOptions) => Promise<void>' are incompatible:
		Types of property 'then' of types 'Promise<boolean>' and 'Promise<void>' are incompatible:
			Call signatures of types '{ <U>(onFulfill: (value: boolean) => Thenable<U>, onReject: (error: any) => Thenable<U>): Promise<U>; <U>(onFulfill: (value: boolean) => Thenable<U>, onReject?: (error: any) => U): Promise<U>; <U>(onFulfill: (value: boolean) => U, onReject: (error: any) => Thenable<U>): Promise<U>; <U>(onFulfill?: (value: boolean) => U, onReject?: (error: any) => U): Promise<U>; }' and '{ <U>(onFulfill: (value: void) => Thenable<U>, onReject: (error: any) => Thenable<U>): Promise<U>; <U>(onFulfill: (value: void) => Thenable<U>, onReject?: (error: any) => U): Promise<U>; <U>(onFulfill: (value: void) => U, onReject: (error: any) => Thenable<U>): Promise<U>; <U>(onFulfill?: (value: void) => U, onReject?: (error: any) => U): Promise<U>; }' are incompatible:
				Call signatures of types '(value: boolean) => Thenable<{}>' and '(value: void) => Thenable<U>' are incompatible.
				Call signatures of types '(value: void) => Thenable<U>' and '(value: boolean) => Thenable<{}>' are incompatible.
				Call signatures of types '(value: boolean) => Thenable<U>' and '(value: void) => Thenable<U>' are incompatible.
				Call signatures of types '(value: void) => Thenable<U>' and '(value: boolean) => Thenable<U>' are incompatible.
				Types of property 'then' of types 'Promise<Thenable<U>>' and 'Promise<U>' are incompatible:
					Call signatures of types '{ <U>(onFulfill: (value: Thenable<U>) => Thenable<U>, onReject: (error: any) => Thenable<U>): Promise<U>; <U>(onFulfill: (value: Thenable<U>) => Thenable<U>, onReject?: (error: any) => U): Promise<U>; <U>(onFulfill: (value: Thenable<U>) => U, onReject: (error: any) => Thenable<U>): Promise<U>; <U>(onFulfill?: (value: Thenable<U>) => U, onReject?: (error: any) => U): Promise<U>; }' and '{ <U>(onFulfill: (value: U) => Thenable<U>, onReject: (error: any) => Thenable<U>): Promise<U>; <U>(onFulfill: (value: U) => Thenable<U>, onReject?: (error: any) => U): Promise<U>; <U>(onFulfill: (value: U) => U, onReject: (error: any) => Thenable<U>): Promise<U>; <U>(onFulfill?: (value: U) => U, onReject?: (error: any) => U): Promise<U>; }' are incompatible:
						Call signatures of types '(value: Thenable<{}>) => Thenable<{}>' and '(value: U) => Thenable<U>' are incompatible:
							Type 'U' is missing property 'then' from type 'Thenable<{}>'.
						Call signatures of types '(value: U) => Thenable<U>' and '(value: Thenable<{}>) => Thenable<{}>' are incompatible:
							Type 'U' is missing property 'then' from type 'Thenable<{}>'.
						Call signatures of types '(value: Thenable<U>) => Thenable<U>' and '(value: U) => Thenable<U>' are incompatible:
							Type 'U' is missing property 'then' from type 'Thenable<U>'.
						Call signatures of types '(value: U) => Thenable<U>' and '(value: Thenable<U>) => Thenable<U>' are incompatible:
							Type 'U' is missing property 'then' from type 'Thenable<U>'.
						Call signatures of types '(value: Thenable<U>) => Thenable<U>' and '(value: U) => Thenable<U>' are incompatible:
							Type 'U' is missing property 'then' from type 'Thenable<U>'.
						Call signatures of types '(value: U) => Thenable<U>' and '(value: Thenable<U>) => Thenable<U>' are incompatible:
							Type 'U' is missing property 'then' from type 'Thenable<U>'.
						Call signatures of types '(value: Thenable<U>) => Thenable<U>' and '(value: U) => Thenable<U>' are incompatible:
							Type 'U' is missing property 'then' from type 'Thenable<U>'.
						Call signatures of types '(value: U) => Thenable<U>' and '(value: Thenable<U>) => Thenable<U>' are incompatible:
							Type 'U' is missing property 'then' from type 'Thenable<U>'.
				Types of property 'then' of types 'Promise<Thenable<U>>' and 'Promise<U>' are incompatible:
					Call signatures of types '{ <U>(onFulfill: (value: Thenable<U>) => Thenable<U>, onReject: (error: any) => Thenable<U>): Promise<U>; <U>(onFulfill: (value: Thenable<U>) => Thenable<U>, onReject?: (error: any) => U): Promise<U>; <U>(onFulfill: (value: Thenable<U>) => U, onReject: (error: any) => Thenable<U>): Promise<U>; <U>(onFulfill?: (value: Thenable<U>) => U, onReject?: (error: any) => U): Promise<U>; }' and '{ <U>(onFulfill: (value: U) => Thenable<U>, onReject: (error: any) => Thenable<U>): Promise<U>; <U>(onFulfill: (value: U) => Thenable<U>, onReject?: (error: any) => U): Promise<U>; <U>(onFulfill: (value: U) => U, onReject: (error: any) => Thenable<U>): Promise<U>; <U>(onFulfill?: (value: U) => U, onReject?: (error: any) => U): Promise<U>; }' are incompatible:
						Call signatures of types '(value: Thenable<{}>) => Thenable<{}>' and '(value: U) => Thenable<U>' are incompatible:
							Type 'U' is missing property 'then' from type 'Thenable<{}>'.
						Call signatures of types '(value: U) => Thenable<U>' and '(value: Thenable<{}>) => Thenable<{}>' are incompatible:
							Type 'U' is missing property 'then' from type 'Thenable<{}>'.
						Call signatures of types '(value: Thenable<U>) => Thenable<U>' and '(value: U) => Thenable<U>' are incompatible:
							Type 'U' is missing property 'then' from type 'Thenable<U>'.
						Call signatures of types '(value: U) => Thenable<U>' and '(value: Thenable<U>) => Thenable<U>' are incompatible:
							Type 'U' is missing property 'then' from type 'Thenable<U>'.
						Call signatures of types '(value: Thenable<U>) => Thenable<U>' and '(value: U) => Thenable<U>' are incompatible:
							Type 'U' is missing property 'then' from type 'Thenable<U>'.
						Call signatures of types '(value: U) => Thenable<U>' and '(value: Thenable<U>) => Thenable<U>' are incompatible:
							Type 'U' is missing property 'then' from type 'Thenable<U>'.
						Call signatures of types '(value: Thenable<U>) => Thenable<U>' and '(value: U) => Thenable<U>' are incompatible:
							Type 'U' is missing property 'then' from type 'Thenable<U>'.
						Call signatures of types '(value: U) => Thenable<U>' and '(value: Thenable<U>) => Thenable<U>' are incompatible:
							Type 'U' is missing property 'then' from type 'Thenable<U>'.
D:/_Editing/github/grunt/grunt-ts/tasks/ts.ts(789,9): error TS2087: Could not select overload for 'call' expression.

>> Compilation failed
Warning: Task "ts-internal:build" failed. Use --force to continue.

Aborted due to warnings.

Process finished with exit code 3
